<?xml version="1.0" encoding="UTF-8"?>
<!-- Generated by org.testng.reporters.JUnitXMLReporter -->
<testsuite hostname="GACDTL01SH6212" ignored="0" name="Default test" tests="1" failures="0" timestamp="04 Jan 2019 19:19:56 GMT" time="0.022" errors="0">
  <testcase name="@BeforeSuite BeforeSuite" time="0.127" classname="com.wsa.framework.MyTestNGBaseClass">
    <failure type="java.lang.NoClassDefFoundError" message="freemarker/template/TemplateModelException">
      <![CDATA[java.lang.NoClassDefFoundError: freemarker/template/TemplateModelException
at com.relevantcodes.extentreports.ExtentReports.<init>(ExtentReports.java:86)
at com.relevantcodes.extentreports.ExtentReports.<init>(ExtentReports.java:375)
at com.wsa.framework.MyTestNGBaseClass.BeforeSuite(MyTestNGBaseClass.java:34)
at sun.reflect.NativeMethodAccessorImpl.invoke0(Native Method)
at sun.reflect.NativeMethodAccessorImpl.invoke(Unknown Source)
at sun.reflect.DelegatingMethodAccessorImpl.invoke(Unknown Source)
at java.lang.reflect.Method.invoke(Unknown Source)
at org.testng.internal.MethodInvocationHelper.invokeMethod(MethodInvocationHelper.java:124)
at org.testng.internal.MethodInvocationHelper.invokeMethodConsideringTimeout(MethodInvocationHelper.java:59)
at org.testng.internal.Invoker.invokeConfigurationMethod(Invoker.java:455)
at org.testng.internal.Invoker.invokeConfigurations(Invoker.java:222)
at org.testng.internal.Invoker.invokeConfigurations(Invoker.java:142)
at org.testng.SuiteRunner.privateRun(SuiteRunner.java:401)
at org.testng.SuiteRunner.run(SuiteRunner.java:364)
at org.testng.SuiteRunnerWorker.runSuite(SuiteRunnerWorker.java:52)
at org.testng.SuiteRunnerWorker.run(SuiteRunnerWorker.java:84)
at org.testng.TestNG.runSuitesSequentially(TestNG.java:1208)
at org.testng.TestNG.runSuitesLocally(TestNG.java:1137)
at org.testng.TestNG.runSuites(TestNG.java:1049)
at org.testng.TestNG.run(TestNG.java:1017)
at org.testng.remote.AbstractRemoteTestNG.run(AbstractRemoteTestNG.java:114)
at org.testng.remote.RemoteTestNG.initAndRun(RemoteTestNG.java:251)
at org.testng.remote.RemoteTestNG.main(RemoteTestNG.java:77)
Caused by: java.lang.ClassNotFoundException: freemarker.template.TemplateModelException
at java.net.URLClassLoader.findClass(Unknown Source)
at java.lang.ClassLoader.loadClass(Unknown Source)
at sun.misc.Launcher$AppClassLoader.loadClass(Unknown Source)
at java.lang.ClassLoader.loadClass(Unknown Source)
... 23 more
]]>
    </failure>
  </testcase> <!-- @BeforeSuite BeforeSuite -->
  <testcase name="@BeforeClass automationSetup" time="0.0" classname="com.wsa.framework.MyTestNGBaseClass">
    <skipped/>
  </testcase> <!-- @BeforeClass automationSetup -->
  <testcase name="@AfterClass automationTeardown" time="0.0" classname="com.wsa.framework.MyTestNGBaseClass">
    <skipped/>
  </testcase> <!-- @AfterClass automationTeardown -->
  <testcase name="validation" time="0.0" classname="com.wsa.tests.LoginCSPTest">
    <skipped/>
  </testcase> <!-- validation -->
</testsuite> <!-- Default test -->
